[debug] [2022-09-07T12:51:05.037Z] ----------------------------------------------------------------------
[debug] [2022-09-07T12:51:05.041Z] Command:       /home/debora/.nvm/versions/node/v16.16.0/bin/node /home/debora/.nvm/versions/node/v16.16.0/bin/firebase deploy
[debug] [2022-09-07T12:51:05.042Z] CLI Version:   11.8.0
[debug] [2022-09-07T12:51:05.042Z] Platform:      linux
[debug] [2022-09-07T12:51:05.042Z] Node Version:  v16.16.0
[debug] [2022-09-07T12:51:05.076Z] Time:          Wed Sep 07 2022 09:51:05 GMT-0300 (Horário Padrão de Brasília)
[debug] [2022-09-07T12:51:05.077Z] ----------------------------------------------------------------------
[debug] 
[debug] [2022-09-07T12:51:05.082Z] >>> [apiv2][query] GET https://firebase-public.firebaseio.com/cli.json [none]
[debug] [2022-09-07T12:51:05.162Z] > command requires scopes: ["email","openid","https://www.googleapis.com/auth/cloudplatformprojects.readonly","https://www.googleapis.com/auth/firebase","https://www.googleapis.com/auth/cloud-platform"]
[debug] [2022-09-07T12:51:05.162Z] > authorizing via signed-in user (debora.r.serra@gmail.com)
[debug] [2022-09-07T12:51:05.162Z] [iam] checking project wol-sports for permissions ["cloudfunctions.functions.create","cloudfunctions.functions.delete","cloudfunctions.functions.get","cloudfunctions.functions.list","cloudfunctions.functions.update","cloudfunctions.operations.get","firebase.projects.get","firebasehosting.sites.update"]
[debug] [2022-09-07T12:51:05.163Z] > refreshing access token with scopes: []
[debug] [2022-09-07T12:51:05.163Z] >>> [apiv2][query] POST https://www.googleapis.com/oauth2/v3/token [none]
[debug] [2022-09-07T12:51:05.163Z] >>> [apiv2][body] POST https://www.googleapis.com/oauth2/v3/token [omitted]
[debug] [2022-09-07T12:51:05.622Z] <<< [apiv2][status] GET https://firebase-public.firebaseio.com/cli.json 200
[debug] [2022-09-07T12:51:05.623Z] <<< [apiv2][body] GET https://firebase-public.firebaseio.com/cli.json {"cloudBuildErrorAfter":1594252800000,"cloudBuildWarnAfter":1590019200000,"defaultNode10After":1594252800000,"minVersion":"3.0.5","node8DeploysDisabledAfter":1613390400000,"node8RuntimeDisabledAfter":1615809600000,"node8WarnAfter":1600128000000}
[debug] [2022-09-07T12:51:05.989Z] <<< [apiv2][status] POST https://www.googleapis.com/oauth2/v3/token 200
[debug] [2022-09-07T12:51:05.990Z] <<< [apiv2][body] POST https://www.googleapis.com/oauth2/v3/token [omitted]
[debug] [2022-09-07T12:51:06.218Z] >>> [apiv2][query] POST https://cloudresourcemanager.googleapis.com/v1/projects/wol-sports:testIamPermissions [none]
[debug] [2022-09-07T12:51:06.219Z] >>> [apiv2][(partial)header] POST https://cloudresourcemanager.googleapis.com/v1/projects/wol-sports:testIamPermissions x-goog-quota-user=projects/wol-sports
[debug] [2022-09-07T12:51:06.219Z] >>> [apiv2][body] POST https://cloudresourcemanager.googleapis.com/v1/projects/wol-sports:testIamPermissions {"permissions":["cloudfunctions.functions.create","cloudfunctions.functions.delete","cloudfunctions.functions.get","cloudfunctions.functions.list","cloudfunctions.functions.update","cloudfunctions.operations.get","firebase.projects.get","firebasehosting.sites.update"]}
[debug] [2022-09-07T12:51:07.361Z] <<< [apiv2][status] POST https://cloudresourcemanager.googleapis.com/v1/projects/wol-sports:testIamPermissions 200
[debug] [2022-09-07T12:51:07.361Z] <<< [apiv2][body] POST https://cloudresourcemanager.googleapis.com/v1/projects/wol-sports:testIamPermissions {"permissions":["cloudfunctions.functions.create","cloudfunctions.functions.delete","cloudfunctions.functions.get","cloudfunctions.functions.list","cloudfunctions.functions.update","cloudfunctions.operations.get","firebase.projects.get","firebasehosting.sites.update"]}
[debug] [2022-09-07T12:51:07.361Z] >>> [apiv2][query] POST https://iam.googleapis.com/v1/projects/wol-sports/serviceAccounts/wol-sports@appspot.gserviceaccount.com:testIamPermissions [none]
[debug] [2022-09-07T12:51:07.362Z] >>> [apiv2][body] POST https://iam.googleapis.com/v1/projects/wol-sports/serviceAccounts/wol-sports@appspot.gserviceaccount.com:testIamPermissions {"permissions":["iam.serviceAccounts.actAs"]}
[debug] [2022-09-07T12:51:08.696Z] <<< [apiv2][status] POST https://iam.googleapis.com/v1/projects/wol-sports/serviceAccounts/wol-sports@appspot.gserviceaccount.com:testIamPermissions 200
[debug] [2022-09-07T12:51:08.696Z] <<< [apiv2][body] POST https://iam.googleapis.com/v1/projects/wol-sports/serviceAccounts/wol-sports@appspot.gserviceaccount.com:testIamPermissions {"permissions":["iam.serviceAccounts.actAs"]}
[debug] [2022-09-07T12:51:08.698Z] >>> [apiv2][query] GET https://firebase.googleapis.com/v1beta1/projects/wol-sports [none]
[debug] [2022-09-07T12:51:10.081Z] <<< [apiv2][status] GET https://firebase.googleapis.com/v1beta1/projects/wol-sports 200
[debug] [2022-09-07T12:51:10.082Z] <<< [apiv2][body] GET https://firebase.googleapis.com/v1beta1/projects/wol-sports {"projectId":"wol-sports","projectNumber":"58376001336","displayName":"wol-sports","name":"projects/wol-sports","resources":{"hostingSite":"wol-sports","storageBucket":"wol-sports.appspot.com","locationId":"southamerica-east1"},"state":"ACTIVE","etag":"1_93846385-47ad-472d-bc39-74b8acdbb43b"}
[info] 
[info] === Deploying to 'wol-sports'...
[info] 
[info] i  deploying functions, hosting 
[debug] [2022-09-07T12:51:10.086Z] >>> [apiv2][query] GET https://firebase.googleapis.com/v1beta1/projects/wol-sports [none]
[debug] [2022-09-07T12:51:10.681Z] <<< [apiv2][status] GET https://firebase.googleapis.com/v1beta1/projects/wol-sports 200
[debug] [2022-09-07T12:51:10.681Z] <<< [apiv2][body] GET https://firebase.googleapis.com/v1beta1/projects/wol-sports {"projectId":"wol-sports","projectNumber":"58376001336","displayName":"wol-sports","name":"projects/wol-sports","resources":{"hostingSite":"wol-sports","storageBucket":"wol-sports.appspot.com","locationId":"southamerica-east1"},"state":"ACTIVE","etag":"1_93846385-47ad-472d-bc39-74b8acdbb43b"}
[info] i  functions: ensuring required API cloudfunctions.googleapis.com is enabled... 
[info] i  functions: ensuring required API cloudbuild.googleapis.com is enabled... 
[info] i  artifactregistry: ensuring required API artifactregistry.googleapis.com is enabled... 
[debug] [2022-09-07T12:51:10.684Z] >>> [apiv2][query] GET https://serviceusage.googleapis.com/v1/projects/wol-sports/services/cloudfunctions.googleapis.com [none]
[debug] [2022-09-07T12:51:10.686Z] >>> [apiv2][query] GET https://serviceusage.googleapis.com/v1/projects/wol-sports/services/runtimeconfig.googleapis.com [none]
[debug] [2022-09-07T12:51:10.686Z] >>> [apiv2][query] GET https://serviceusage.googleapis.com/v1/projects/wol-sports/services/cloudbuild.googleapis.com [none]
[debug] [2022-09-07T12:51:10.687Z] >>> [apiv2][query] GET https://serviceusage.googleapis.com/v1/projects/wol-sports/services/artifactregistry.googleapis.com [none]
[debug] [2022-09-07T12:51:12.076Z] <<< [apiv2][status] GET https://serviceusage.googleapis.com/v1/projects/wol-sports/services/runtimeconfig.googleapis.com 200
[debug] [2022-09-07T12:51:12.076Z] <<< [apiv2][body] GET https://serviceusage.googleapis.com/v1/projects/wol-sports/services/runtimeconfig.googleapis.com [omitted]
[debug] [2022-09-07T12:51:12.080Z] <<< [apiv2][status] GET https://serviceusage.googleapis.com/v1/projects/wol-sports/services/cloudbuild.googleapis.com 200
[debug] [2022-09-07T12:51:12.080Z] <<< [apiv2][body] GET https://serviceusage.googleapis.com/v1/projects/wol-sports/services/cloudbuild.googleapis.com [omitted]
[info] ✔  functions: required API cloudbuild.googleapis.com is enabled 
[debug] [2022-09-07T12:51:12.108Z] <<< [apiv2][status] GET https://serviceusage.googleapis.com/v1/projects/wol-sports/services/cloudfunctions.googleapis.com 200
[debug] [2022-09-07T12:51:12.108Z] <<< [apiv2][body] GET https://serviceusage.googleapis.com/v1/projects/wol-sports/services/cloudfunctions.googleapis.com [omitted]
[info] ✔  functions: required API cloudfunctions.googleapis.com is enabled 
[debug] [2022-09-07T12:51:12.133Z] <<< [apiv2][status] GET https://serviceusage.googleapis.com/v1/projects/wol-sports/services/artifactregistry.googleapis.com 200
[debug] [2022-09-07T12:51:12.133Z] <<< [apiv2][body] GET https://serviceusage.googleapis.com/v1/projects/wol-sports/services/artifactregistry.googleapis.com [omitted]
[info] ✔  artifactregistry: required API artifactregistry.googleapis.com is enabled 
[debug] [2022-09-07T12:51:12.134Z] >>> [apiv2][query] GET https://firebase.googleapis.com/v1beta1/projects/wol-sports/adminSdkConfig [none]
[debug] [2022-09-07T12:51:13.407Z] <<< [apiv2][status] GET https://firebase.googleapis.com/v1beta1/projects/wol-sports/adminSdkConfig 200
[debug] [2022-09-07T12:51:13.408Z] <<< [apiv2][body] GET https://firebase.googleapis.com/v1beta1/projects/wol-sports/adminSdkConfig {"projectId":"wol-sports","storageBucket":"wol-sports.appspot.com","locationId":"southamerica-east1"}
[debug] [2022-09-07T12:51:13.409Z] >>> [apiv2][query] GET https://runtimeconfig.googleapis.com/v1beta1/projects/wol-sports/configs [none]
[debug] [2022-09-07T12:51:14.738Z] <<< [apiv2][status] GET https://runtimeconfig.googleapis.com/v1beta1/projects/wol-sports/configs 200
[debug] [2022-09-07T12:51:14.738Z] <<< [apiv2][body] GET https://runtimeconfig.googleapis.com/v1beta1/projects/wol-sports/configs {}
[info] i  functions: preparing codebase default for deployment 
[debug] [2022-09-07T12:51:14.742Z] Validating nodejs source
[debug] [2022-09-07T12:51:16.957Z] > [functions] package.json contents: {
  "name": "functions",
  "description": "Cloud Functions for Firebase",
  "scripts": {
    "serve": "firebase emulators:start --only functions",
    "shell": "firebase functions:shell",
    "start": "npm run shell",
    "deploy": "firebase deploy --only functions",
    "logs": "firebase functions:log"
  },
  "engines": {
    "node": "16"
  },
  "main": "index.js",
  "dependencies": {
    "firebase-admin": "^10.0.2",
    "bcrypt": "^5.0.1",
    "cors": "^2.8.5",
    "dotenv": "^16.0.1",
    "express": "^4.18.1",
    "express-async-errors": "^3.1.1",
    "jsonwebtoken": "^8.5.1",
    "pg": "^8.8.0",
    "pg-hstore": "^2.3.4",
    "sequelize": "^6.21.4",
    "firebase-functions": "^3.18.0"
  },
  "devDependencies": {
    "firebase-functions-test": "^0.2.0",
    "nodemon": "^2.0.19",
    "sequelize-cli": "^6.4.1"
  },
  "private": true
}
[debug] [2022-09-07T12:51:16.957Z] Building nodejs source
[info] i  functions: Loaded environment variables from .env. 
[debug] [2022-09-07T12:51:16.980Z] Could not find functions.yaml. Must use http discovery
[debug] [2022-09-07T12:51:18.502Z] Serving at port 9005

[debug] [2022-09-07T12:51:21.101Z] Got response from /__/functions.yaml {"endpoints":{"app":{"platform":"gcfv1","httpsTrigger":{},"entryPoint":"app"}},"specVersion":"v1alpha1","requiredAPIs":[]}
[debug] [2022-09-07T12:51:21.106Z] shutdown requested via /__/quitquitquit

[info] i  functions: preparing functions directory for uploading... 
[info] i  functions: packaged /home/debora/Documentos/projetos/wolsports/research-page/back/functions (26.36 KB) for uploading 
[debug] [2022-09-07T12:51:21.256Z] >>> [apiv2][query] GET https://cloudfunctions.googleapis.com/v1/projects/wol-sports/locations/-/functions [none]
[debug] [2022-09-07T12:51:24.159Z] <<< [apiv2][status] GET https://cloudfunctions.googleapis.com/v1/projects/wol-sports/locations/-/functions 200
[debug] [2022-09-07T12:51:24.159Z] <<< [apiv2][body] GET https://cloudfunctions.googleapis.com/v1/projects/wol-sports/locations/-/functions {"functions":[{"name":"projects/wol-sports/locations/us-central1/functions/app","httpsTrigger":{"url":"https://us-central1-wol-sports.cloudfunctions.net/app","securityLevel":"SECURE_ALWAYS"},"status":"ACTIVE","entryPoint":"app","timeout":"60s","availableMemoryMb":256,"serviceAccountEmail":"wol-sports@appspot.gserviceaccount.com","updateTime":"2022-09-05T19:28:41.935Z","versionId":"9","labels":{"deployment-tool":"cli-firebase"},"sourceUploadUrl":"https://storage.googleapis.com/uploads-732609306325.us-central1.cloudfunctions.appspot.com/38f2bfdc-4b26-4c56-ae8c-c31c4578b760.zip","environmentVariables":{"HOST":"db.apljzpdjqcxbwsoprnep.supabase.co","PASS":"mov3YbzKmp5yuEuL","DATABASE":"postgres","DB_USERNAME":"postgres","DB_PORT":"5432","FIREBASE_CONFIG":"{\"projectId\":\"wol-sports\",\"storageBucket\":\"wol-sports.appspot.com\",\"locationId\":\"southamerica-east1\"}","GCLOUD_PROJECT":"wol-sports"},"runtime":"nodejs16","ingressSettings":"ALLOW_ALL","buildId":"5fffe675-d8e3-4335-8577-9202e9149bb2","buildName":"projects/58376001336/locations/us-central1/builds/5fffe675-d8e3-4335-8577-9202e9149bb2","dockerRegistry":"ARTIFACT_REGISTRY"}]}
[debug] [2022-09-07T12:51:24.161Z] >>> [apiv2][query] GET https://cloudfunctions.googleapis.com/v2alpha/projects/wol-sports/locations/-/functions [none]
[debug] [2022-09-07T12:51:25.716Z] <<< [apiv2][status] GET https://cloudfunctions.googleapis.com/v2alpha/projects/wol-sports/locations/-/functions 200
[debug] [2022-09-07T12:51:25.717Z] <<< [apiv2][body] GET https://cloudfunctions.googleapis.com/v2alpha/projects/wol-sports/locations/-/functions {}
[debug] [2022-09-07T12:51:25.724Z] >>> [apiv2][query] GET https://firebase.googleapis.com/v1beta1/projects/wol-sports [none]
[debug] [2022-09-07T12:51:26.272Z] <<< [apiv2][status] GET https://firebase.googleapis.com/v1beta1/projects/wol-sports 200
[debug] [2022-09-07T12:51:26.273Z] <<< [apiv2][body] GET https://firebase.googleapis.com/v1beta1/projects/wol-sports {"projectId":"wol-sports","projectNumber":"58376001336","displayName":"wol-sports","name":"projects/wol-sports","resources":{"hostingSite":"wol-sports","storageBucket":"wol-sports.appspot.com","locationId":"southamerica-east1"},"state":"ACTIVE","etag":"1_93846385-47ad-472d-bc39-74b8acdbb43b"}
[debug] [2022-09-07T12:51:26.277Z] >>> [apiv2][query] POST https://firebasehosting.googleapis.com/v1beta1/projects/58376001336/sites/wol-sports/versions [none]
[debug] [2022-09-07T12:51:26.277Z] >>> [apiv2][body] POST https://firebasehosting.googleapis.com/v1beta1/projects/58376001336/sites/wol-sports/versions {"config":{"rewrites":[{"glob":"**","function":"app","functionRegion":"us-central1"}]},"labels":{"deployment-tool":"cli-firebase"}}
[debug] [2022-09-07T12:51:27.842Z] <<< [apiv2][status] POST https://firebasehosting.googleapis.com/v1beta1/projects/58376001336/sites/wol-sports/versions 200
[debug] [2022-09-07T12:51:27.842Z] <<< [apiv2][body] POST https://firebasehosting.googleapis.com/v1beta1/projects/58376001336/sites/wol-sports/versions {"name":"projects/58376001336/sites/wol-sports/versions/c9c9e9745d20327e","status":"CREATED","config":{"rewrites":[{"functionRegion":"us-central1","glob":"**","function":"app"}]},"labels":{"deployment-tool":"cli-firebase"}}
[debug] [2022-09-07T12:51:27.844Z] >>> [apiv2][query] POST https://cloudfunctions.googleapis.com/v1/projects/wol-sports/locations/us-central1/functions:generateUploadUrl [none]
[debug] [2022-09-07T12:51:27.844Z] >>> [apiv2][body] POST https://cloudfunctions.googleapis.com/v1/projects/wol-sports/locations/us-central1/functions:generateUploadUrl {}
[debug] [2022-09-07T12:51:29.174Z] <<< [apiv2][status] POST https://cloudfunctions.googleapis.com/v1/projects/wol-sports/locations/us-central1/functions:generateUploadUrl 200
[debug] [2022-09-07T12:51:29.174Z] <<< [apiv2][body] POST https://cloudfunctions.googleapis.com/v1/projects/wol-sports/locations/us-central1/functions:generateUploadUrl {"uploadUrl":"https://storage.googleapis.com/uploads-732609306325.us-central1.cloudfunctions.appspot.com/f7b6021b-26ce-46e8-b589-73e279697c0b.zip?GoogleAccessId=service-58376001336@gcf-admin-robot.iam.gserviceaccount.com&Expires=1662556888&Signature=Hka7w9eoJndaam4r02kB97IAhOGyR0O6YwBxs9tE3yRRYDmqcQlXxBG%2FNY1%2Bnbq7n7NCeA%2FiUTl7a0SxImtqOvyJjpJrrYmOVwh3NmR3lh13cIv%2FBtmfoPmuRvU39n3SRBF%2B%2F8XSvHT0QnxfASp17TY2zGAvB87%2BwWfnNy9UqYoaCG9qhpNxHQKFgn5nAkWXoE1Qie3oSerSU6M%2BIKi%2FZjpK9Be%2BTju%2Fc9s4XVXxs9Y0ALcOv36JTqR4olXlauoAuGeaCCd0scWf8ABP1RxNW1tsSe0v7jL2Eu%2FDooQxSlluUA5fmY3jg%2BbUDzD0TxPd6wpLjpUD6zdquNQOOu4w6A%3D%3D"}
[debug] [2022-09-07T12:51:29.176Z] >>> [apiv2][query] PUT https://storage.googleapis.com/uploads-732609306325.us-central1.cloudfunctions.appspot.com/f7b6021b-26ce-46e8-b589-73e279697c0b.zip GoogleAccessId=service-58376001336%40gcf-admin-robot.iam.gserviceaccount.com&Expires=1662556888&Signature=Hka7w9eoJndaam4r02kB97IAhOGyR0O6YwBxs9tE3yRRYDmqcQlXxBG%2FNY1%2Bnbq7n7NCeA%2FiUTl7a0SxImtqOvyJjpJrrYmOVwh3NmR3lh13cIv%2FBtmfoPmuRvU39n3SRBF%2B%2F8XSvHT0QnxfASp17TY2zGAvB87%2BwWfnNy9UqYoaCG9qhpNxHQKFgn5nAkWXoE1Qie3oSerSU6M%2BIKi%2FZjpK9Be%2BTju%2Fc9s4XVXxs9Y0ALcOv36JTqR4olXlauoAuGeaCCd0scWf8ABP1RxNW1tsSe0v7jL2Eu%2FDooQxSlluUA5fmY3jg%2BbUDzD0TxPd6wpLjpUD6zdquNQOOu4w6A%3D%3D
[debug] [2022-09-07T12:51:29.177Z] >>> [apiv2][body] PUT https://storage.googleapis.com/uploads-732609306325.us-central1.cloudfunctions.appspot.com/f7b6021b-26ce-46e8-b589-73e279697c0b.zip [stream]
[debug] [2022-09-07T12:51:29.890Z] <<< [apiv2][status] PUT https://storage.googleapis.com/uploads-732609306325.us-central1.cloudfunctions.appspot.com/f7b6021b-26ce-46e8-b589-73e279697c0b.zip 200
[debug] [2022-09-07T12:51:29.890Z] <<< [apiv2][body] PUT https://storage.googleapis.com/uploads-732609306325.us-central1.cloudfunctions.appspot.com/f7b6021b-26ce-46e8-b589-73e279697c0b.zip [omitted]
[info] ✔  functions: functions folder uploaded successfully 
[info] i  hosting[wol-sports]: beginning deploy... 
[info] i  hosting[wol-sports]: found 2 files in public 
[debug] [2022-09-07T12:51:29.896Z] [hosting] uploading with 200 concurrency
[debug] [2022-09-07T12:51:29.934Z] [hosting] hash cache [cHVibGlj] stored for 2 files
[debug] [2022-09-07T12:51:29.934Z] [hosting][hash queue][FINAL] {"max":0,"min":0,"avg":0,"active":0,"complete":2,"success":2,"errored":0,"retried":0,"total":2,"elapsed":3}
[debug] [2022-09-07T12:51:29.934Z] >>> [apiv2][query] POST https://firebasehosting.googleapis.com/v1beta1/projects/58376001336/sites/wol-sports/versions/c9c9e9745d20327e:populateFiles [none]
[debug] [2022-09-07T12:51:29.935Z] >>> [apiv2][body] POST https://firebasehosting.googleapis.com/v1beta1/projects/58376001336/sites/wol-sports/versions/c9c9e9745d20327e:populateFiles {"files":{"/404.html":"b7bab6b83fa074653ff28c8d2a64135d3434575f70a12ab3d3ba8080461b9537","/index.html":"310556a62497c6330be4650461e59220e69023defaf8cfd8ac473b435a7f3cfc"}}
[debug] [2022-09-07T12:51:31.222Z] <<< [apiv2][status] POST https://firebasehosting.googleapis.com/v1beta1/projects/58376001336/sites/wol-sports/versions/c9c9e9745d20327e:populateFiles 200
[debug] [2022-09-07T12:51:31.222Z] <<< [apiv2][body] POST https://firebasehosting.googleapis.com/v1beta1/projects/58376001336/sites/wol-sports/versions/c9c9e9745d20327e:populateFiles {"uploadUrl":"https://upload-firebasehosting.googleapis.com/upload/sites/wol-sports/versions/c9c9e9745d20327e/files"}
[debug] [2022-09-07T12:51:31.223Z] [hosting][populate queue][FINAL] {"max":1290,"min":1290,"avg":1290,"active":0,"complete":1,"success":1,"errored":0,"retried":0,"total":1,"elapsed":1291}
[debug] [2022-09-07T12:51:31.223Z] [hosting] uploads queued: 0
[debug] [2022-09-07T12:51:31.223Z] [hosting][upload queue][FINAL] {"max":0,"min":9999999999,"avg":0,"active":0,"complete":0,"success":0,"errored":0,"retried":0,"total":0,"elapsed":1662555091223}
[info] ✔  hosting[wol-sports]: file upload complete 
[debug] [2022-09-07T12:51:31.225Z] [hosting] deploy completed after 1331ms
[info] i  functions: updating Node.js 16 function app(us-central1)... 
[debug] [2022-09-07T12:51:31.234Z] >>> [apiv2][query] PATCH https://cloudfunctions.googleapis.com/v1/projects/wol-sports/locations/us-central1/functions/app updateMask=name%2CsourceUploadUrl%2CentryPoint%2Cruntime%2CdockerRegistry%2Clabels%2ChttpsTrigger.securityLevel%2CenvironmentVariables%2CavailableMemoryMb%2CsourceToken
[debug] [2022-09-07T12:51:31.234Z] >>> [apiv2][body] PATCH https://cloudfunctions.googleapis.com/v1/projects/wol-sports/locations/us-central1/functions/app {"name":"projects/wol-sports/locations/us-central1/functions/app","sourceUploadUrl":"https://storage.googleapis.com/uploads-732609306325.us-central1.cloudfunctions.appspot.com/f7b6021b-26ce-46e8-b589-73e279697c0b.zip?GoogleAccessId=service-58376001336@gcf-admin-robot.iam.gserviceaccount.com&Expires=1662556888&Signature=Hka7w9eoJndaam4r02kB97IAhOGyR0O6YwBxs9tE3yRRYDmqcQlXxBG%2FNY1%2Bnbq7n7NCeA%2FiUTl7a0SxImtqOvyJjpJrrYmOVwh3NmR3lh13cIv%2FBtmfoPmuRvU39n3SRBF%2B%2F8XSvHT0QnxfASp17TY2zGAvB87%2BwWfnNy9UqYoaCG9qhpNxHQKFgn5nAkWXoE1Qie3oSerSU6M%2BIKi%2FZjpK9Be%2BTju%2Fc9s4XVXxs9Y0ALcOv36JTqR4olXlauoAuGeaCCd0scWf8ABP1RxNW1tsSe0v7jL2Eu%2FDooQxSlluUA5fmY3jg%2BbUDzD0TxPd6wpLjpUD6zdquNQOOu4w6A%3D%3D","entryPoint":"app","runtime":"nodejs16","dockerRegistry":"ARTIFACT_REGISTRY","labels":{"deployment-tool":"cli-firebase"},"httpsTrigger":{"securityLevel":"SECURE_ALWAYS"},"environmentVariables":{"HOST":"db.apljzpdjqcxbwsoprnep.supabase.co","PASS":"mov3YbzKmp5yuEuL","DATABASE":"postgres","DB_USERNAME":"postgres","DB_PORT":"5432","FIREBASE_CONFIG":"{\"projectId\":\"wol-sports\",\"storageBucket\":\"wol-sports.appspot.com\",\"locationId\":\"southamerica-east1\"}","GCLOUD_PROJECT":"wol-sports"},"availableMemoryMb":256}
[debug] [2022-09-07T12:51:32.655Z] <<< [apiv2][status] PATCH https://cloudfunctions.googleapis.com/v1/projects/wol-sports/locations/us-central1/functions/app 200
[debug] [2022-09-07T12:51:32.655Z] <<< [apiv2][body] PATCH https://cloudfunctions.googleapis.com/v1/projects/wol-sports/locations/us-central1/functions/app {"name":"operations/d29sLXNwb3J0cy91cy1jZW50cmFsMS9hcHAvdEtFUmFsVXJTRzg","metadata":{"@type":"type.googleapis.com/google.cloud.functions.v1.OperationMetadataV1","target":"projects/wol-sports/locations/us-central1/functions/app","type":"UPDATE_FUNCTION","request":{"@type":"type.googleapis.com/google.cloud.functions.v1.CloudFunction","name":"projects/wol-sports/locations/us-central1/functions/app","httpsTrigger":{"url":"https://us-central1-wol-sports.cloudfunctions.net/app","securityLevel":"SECURE_ALWAYS"},"status":"ACTIVE","entryPoint":"app","timeout":"60s","availableMemoryMb":256,"serviceAccountEmail":"wol-sports@appspot.gserviceaccount.com","updateTime":"2022-09-05T19:28:41.935Z","versionId":"9","labels":{"deployment-tool":"cli-firebase"},"sourceUploadUrl":"https://storage.googleapis.com/uploads-732609306325.us-central1.cloudfunctions.appspot.com/f7b6021b-26ce-46e8-b589-73e279697c0b.zip?GoogleAccessId=service-58376001336@gcf-admin-robot.iam.gserviceaccount.com&Expires=1662556888&Signature=Hka7w9eoJndaam4r02kB97IAhOGyR0O6YwBxs9tE3yRRYDmqcQlXxBG%2FNY1%2Bnbq7n7NCeA%2FiUTl7a0SxImtqOvyJjpJrrYmOVwh3NmR3lh13cIv%2FBtmfoPmuRvU39n3SRBF%2B%2F8XSvHT0QnxfASp17TY2zGAvB87%2BwWfnNy9UqYoaCG9qhpNxHQKFgn5nAkWXoE1Qie3oSerSU6M%2BIKi%2FZjpK9Be%2BTju%2Fc9s4XVXxs9Y0ALcOv36JTqR4olXlauoAuGeaCCd0scWf8ABP1RxNW1tsSe0v7jL2Eu%2FDooQxSlluUA5fmY3jg%2BbUDzD0TxPd6wpLjpUD6zdquNQOOu4w6A%3D%3D","environmentVariables":{"HOST":"db.apljzpdjqcxbwsoprnep.supabase.co","PASS":"mov3YbzKmp5yuEuL","DATABASE":"postgres","DB_USERNAME":"postgres","DB_PORT":"5432","FIREBASE_CONFIG":"{\"projectId\":\"wol-sports\",\"storageBucket\":\"wol-sports.appspot.com\",\"locationId\":\"southamerica-east1\"}","GCLOUD_PROJECT":"wol-sports"},"runtime":"nodejs16","ingressSettings":"ALLOW_ALL","buildId":"5fffe675-d8e3-4335-8577-9202e9149bb2","buildName":"projects/58376001336/locations/us-central1/builds/5fffe675-d8e3-4335-8577-9202e9149bb2","dockerRegistry":"ARTIFACT_REGISTRY"},"versionId":"10","updateTime":"2022-09-07T12:51:32Z"}}
[debug] [2022-09-07T12:51:32.656Z] >>> [apiv2][query] GET https://cloudfunctions.googleapis.com/v1/operations/d29sLXNwb3J0cy91cy1jZW50cmFsMS9hcHAvdEtFUmFsVXJTRzg [none]
[debug] [2022-09-07T12:51:34.296Z] <<< [apiv2][status] GET https://cloudfunctions.googleapis.com/v1/operations/d29sLXNwb3J0cy91cy1jZW50cmFsMS9hcHAvdEtFUmFsVXJTRzg 200
[debug] [2022-09-07T12:51:34.296Z] <<< [apiv2][body] GET https://cloudfunctions.googleapis.com/v1/operations/d29sLXNwb3J0cy91cy1jZW50cmFsMS9hcHAvdEtFUmFsVXJTRzg {"name":"operations/d29sLXNwb3J0cy91cy1jZW50cmFsMS9hcHAvdEtFUmFsVXJTRzg","metadata":{"@type":"type.googleapis.com/google.cloud.functions.v1.OperationMetadataV1","target":"projects/wol-sports/locations/us-central1/functions/app","type":"UPDATE_FUNCTION","request":{"@type":"type.googleapis.com/google.cloud.functions.v1.CloudFunction","name":"projects/wol-sports/locations/us-central1/functions/app","httpsTrigger":{"url":"https://us-central1-wol-sports.cloudfunctions.net/app","securityLevel":"SECURE_ALWAYS"},"status":"ACTIVE","entryPoint":"app","timeout":"60s","availableMemoryMb":256,"serviceAccountEmail":"wol-sports@appspot.gserviceaccount.com","updateTime":"2022-09-05T19:28:41.935Z","versionId":"9","labels":{"deployment-tool":"cli-firebase"},"sourceUploadUrl":"https://storage.googleapis.com/uploads-732609306325.us-central1.cloudfunctions.appspot.com/f7b6021b-26ce-46e8-b589-73e279697c0b.zip?GoogleAccessId=service-58376001336@gcf-admin-robot.iam.gserviceaccount.com&Expires=1662556888&Signature=Hka7w9eoJndaam4r02kB97IAhOGyR0O6YwBxs9tE3yRRYDmqcQlXxBG%2FNY1%2Bnbq7n7NCeA%2FiUTl7a0SxImtqOvyJjpJrrYmOVwh3NmR3lh13cIv%2FBtmfoPmuRvU39n3SRBF%2B%2F8XSvHT0QnxfASp17TY2zGAvB87%2BwWfnNy9UqYoaCG9qhpNxHQKFgn5nAkWXoE1Qie3oSerSU6M%2BIKi%2FZjpK9Be%2BTju%2Fc9s4XVXxs9Y0ALcOv36JTqR4olXlauoAuGeaCCd0scWf8ABP1RxNW1tsSe0v7jL2Eu%2FDooQxSlluUA5fmY3jg%2BbUDzD0TxPd6wpLjpUD6zdquNQOOu4w6A%3D%3D","environmentVariables":{"HOST":"db.apljzpdjqcxbwsoprnep.supabase.co","PASS":"mov3YbzKmp5yuEuL","DATABASE":"postgres","DB_USERNAME":"postgres","DB_PORT":"5432","FIREBASE_CONFIG":"{\"projectId\":\"wol-sports\",\"storageBucket\":\"wol-sports.appspot.com\",\"locationId\":\"southamerica-east1\"}","GCLOUD_PROJECT":"wol-sports"},"runtime":"nodejs16","ingressSettings":"ALLOW_ALL","buildId":"5fffe675-d8e3-4335-8577-9202e9149bb2","buildName":"projects/58376001336/locations/us-central1/builds/5fffe675-d8e3-4335-8577-9202e9149bb2","dockerRegistry":"ARTIFACT_REGISTRY"},"versionId":"10","updateTime":"2022-09-07T12:51:32Z","buildId":"553ee666-b3ae-4a1b-8656-3c5f3dc4483d","buildName":"projects/58376001336/locations/us-central1/builds/553ee666-b3ae-4a1b-8656-3c5f3dc4483d"}}
[debug] [2022-09-07T12:51:34.798Z] [update-default-us-central1-app] Retrying task index 0
[debug] [2022-09-07T12:51:34.799Z] >>> [apiv2][query] GET https://cloudfunctions.googleapis.com/v1/operations/d29sLXNwb3J0cy91cy1jZW50cmFsMS9hcHAvdEtFUmFsVXJTRzg [none]
[debug] [2022-09-07T12:51:36.343Z] <<< [apiv2][status] GET https://cloudfunctions.googleapis.com/v1/operations/d29sLXNwb3J0cy91cy1jZW50cmFsMS9hcHAvdEtFUmFsVXJTRzg 200
[debug] [2022-09-07T12:51:36.343Z] <<< [apiv2][body] GET https://cloudfunctions.googleapis.com/v1/operations/d29sLXNwb3J0cy91cy1jZW50cmFsMS9hcHAvdEtFUmFsVXJTRzg {"name":"operations/d29sLXNwb3J0cy91cy1jZW50cmFsMS9hcHAvdEtFUmFsVXJTRzg","metadata":{"@type":"type.googleapis.com/google.cloud.functions.v1.OperationMetadataV1","target":"projects/wol-sports/locations/us-central1/functions/app","type":"UPDATE_FUNCTION","request":{"@type":"type.googleapis.com/google.cloud.functions.v1.CloudFunction","name":"projects/wol-sports/locations/us-central1/functions/app","httpsTrigger":{"url":"https://us-central1-wol-sports.cloudfunctions.net/app","securityLevel":"SECURE_ALWAYS"},"status":"ACTIVE","entryPoint":"app","timeout":"60s","availableMemoryMb":256,"serviceAccountEmail":"wol-sports@appspot.gserviceaccount.com","updateTime":"2022-09-05T19:28:41.935Z","versionId":"9","labels":{"deployment-tool":"cli-firebase"},"sourceUploadUrl":"https://storage.googleapis.com/uploads-732609306325.us-central1.cloudfunctions.appspot.com/f7b6021b-26ce-46e8-b589-73e279697c0b.zip?GoogleAccessId=service-58376001336@gcf-admin-robot.iam.gserviceaccount.com&Expires=1662556888&Signature=Hka7w9eoJndaam4r02kB97IAhOGyR0O6YwBxs9tE3yRRYDmqcQlXxBG%2FNY1%2Bnbq7n7NCeA%2FiUTl7a0SxImtqOvyJjpJrrYmOVwh3NmR3lh13cIv%2FBtmfoPmuRvU39n3SRBF%2B%2F8XSvHT0QnxfASp17TY2zGAvB87%2BwWfnNy9UqYoaCG9qhpNxHQKFgn5nAkWXoE1Qie3oSerSU6M%2BIKi%2FZjpK9Be%2BTju%2Fc9s4XVXxs9Y0ALcOv36JTqR4olXlauoAuGeaCCd0scWf8ABP1RxNW1tsSe0v7jL2Eu%2FDooQxSlluUA5fmY3jg%2BbUDzD0TxPd6wpLjpUD6zdquNQOOu4w6A%3D%3D","environmentVariables":{"HOST":"db.apljzpdjqcxbwsoprnep.supabase.co","PASS":"mov3YbzKmp5yuEuL","DATABASE":"postgres","DB_USERNAME":"postgres","DB_PORT":"5432","FIREBASE_CONFIG":"{\"projectId\":\"wol-sports\",\"storageBucket\":\"wol-sports.appspot.com\",\"locationId\":\"southamerica-east1\"}","GCLOUD_PROJECT":"wol-sports"},"runtime":"nodejs16","ingressSettings":"ALLOW_ALL","buildId":"5fffe675-d8e3-4335-8577-9202e9149bb2","buildName":"projects/58376001336/locations/us-central1/builds/5fffe675-d8e3-4335-8577-9202e9149bb2","dockerRegistry":"ARTIFACT_REGISTRY"},"versionId":"10","updateTime":"2022-09-07T12:51:32Z","buildId":"553ee666-b3ae-4a1b-8656-3c5f3dc4483d","buildName":"projects/58376001336/locations/us-central1/builds/553ee666-b3ae-4a1b-8656-3c5f3dc4483d"}}
[debug] [2022-09-07T12:51:37.345Z] [update-default-us-central1-app] Retrying task index 0
[debug] [2022-09-07T12:51:37.346Z] >>> [apiv2][query] GET https://cloudfunctions.googleapis.com/v1/operations/d29sLXNwb3J0cy91cy1jZW50cmFsMS9hcHAvdEtFUmFsVXJTRzg [none]
[debug] [2022-09-07T12:51:38.903Z] <<< [apiv2][status] GET https://cloudfunctions.googleapis.com/v1/operations/d29sLXNwb3J0cy91cy1jZW50cmFsMS9hcHAvdEtFUmFsVXJTRzg 200
[debug] [2022-09-07T12:51:38.903Z] <<< [apiv2][body] GET https://cloudfunctions.googleapis.com/v1/operations/d29sLXNwb3J0cy91cy1jZW50cmFsMS9hcHAvdEtFUmFsVXJTRzg {"name":"operations/d29sLXNwb3J0cy91cy1jZW50cmFsMS9hcHAvdEtFUmFsVXJTRzg","metadata":{"@type":"type.googleapis.com/google.cloud.functions.v1.OperationMetadataV1","target":"projects/wol-sports/locations/us-central1/functions/app","type":"UPDATE_FUNCTION","request":{"@type":"type.googleapis.com/google.cloud.functions.v1.CloudFunction","name":"projects/wol-sports/locations/us-central1/functions/app","httpsTrigger":{"url":"https://us-central1-wol-sports.cloudfunctions.net/app","securityLevel":"SECURE_ALWAYS"},"status":"ACTIVE","entryPoint":"app","timeout":"60s","availableMemoryMb":256,"serviceAccountEmail":"wol-sports@appspot.gserviceaccount.com","updateTime":"2022-09-05T19:28:41.935Z","versionId":"9","labels":{"deployment-tool":"cli-firebase"},"sourceUploadUrl":"https://storage.googleapis.com/uploads-732609306325.us-central1.cloudfunctions.appspot.com/f7b6021b-26ce-46e8-b589-73e279697c0b.zip?GoogleAccessId=service-58376001336@gcf-admin-robot.iam.gserviceaccount.com&Expires=1662556888&Signature=Hka7w9eoJndaam4r02kB97IAhOGyR0O6YwBxs9tE3yRRYDmqcQlXxBG%2FNY1%2Bnbq7n7NCeA%2FiUTl7a0SxImtqOvyJjpJrrYmOVwh3NmR3lh13cIv%2FBtmfoPmuRvU39n3SRBF%2B%2F8XSvHT0QnxfASp17TY2zGAvB87%2BwWfnNy9UqYoaCG9qhpNxHQKFgn5nAkWXoE1Qie3oSerSU6M%2BIKi%2FZjpK9Be%2BTju%2Fc9s4XVXxs9Y0ALcOv36JTqR4olXlauoAuGeaCCd0scWf8ABP1RxNW1tsSe0v7jL2Eu%2FDooQxSlluUA5fmY3jg%2BbUDzD0TxPd6wpLjpUD6zdquNQOOu4w6A%3D%3D","environmentVariables":{"HOST":"db.apljzpdjqcxbwsoprnep.supabase.co","PASS":"mov3YbzKmp5yuEuL","DATABASE":"postgres","DB_USERNAME":"postgres","DB_PORT":"5432","FIREBASE_CONFIG":"{\"projectId\":\"wol-sports\",\"storageBucket\":\"wol-sports.appspot.com\",\"locationId\":\"southamerica-east1\"}","GCLOUD_PROJECT":"wol-sports"},"runtime":"nodejs16","ingressSettings":"ALLOW_ALL","buildId":"5fffe675-d8e3-4335-8577-9202e9149bb2","buildName":"projects/58376001336/locations/us-central1/builds/5fffe675-d8e3-4335-8577-9202e9149bb2","dockerRegistry":"ARTIFACT_REGISTRY"},"versionId":"10","updateTime":"2022-09-07T12:51:32Z","buildId":"553ee666-b3ae-4a1b-8656-3c5f3dc4483d","buildName":"projects/58376001336/locations/us-central1/builds/553ee666-b3ae-4a1b-8656-3c5f3dc4483d"}}
[debug] [2022-09-07T12:51:40.904Z] [update-default-us-central1-app] Retrying task index 0
[debug] [2022-09-07T12:51:40.905Z] >>> [apiv2][query] GET https://cloudfunctions.googleapis.com/v1/operations/d29sLXNwb3J0cy91cy1jZW50cmFsMS9hcHAvdEtFUmFsVXJTRzg [none]
[debug] [2022-09-07T12:51:42.254Z] <<< [apiv2][status] GET https://cloudfunctions.googleapis.com/v1/operations/d29sLXNwb3J0cy91cy1jZW50cmFsMS9hcHAvdEtFUmFsVXJTRzg 200
[debug] [2022-09-07T12:51:42.254Z] <<< [apiv2][body] GET https://cloudfunctions.googleapis.com/v1/operations/d29sLXNwb3J0cy91cy1jZW50cmFsMS9hcHAvdEtFUmFsVXJTRzg {"name":"operations/d29sLXNwb3J0cy91cy1jZW50cmFsMS9hcHAvdEtFUmFsVXJTRzg","metadata":{"@type":"type.googleapis.com/google.cloud.functions.v1.OperationMetadataV1","target":"projects/wol-sports/locations/us-central1/functions/app","type":"UPDATE_FUNCTION","request":{"@type":"type.googleapis.com/google.cloud.functions.v1.CloudFunction","name":"projects/wol-sports/locations/us-central1/functions/app","httpsTrigger":{"url":"https://us-central1-wol-sports.cloudfunctions.net/app","securityLevel":"SECURE_ALWAYS"},"status":"ACTIVE","entryPoint":"app","timeout":"60s","availableMemoryMb":256,"serviceAccountEmail":"wol-sports@appspot.gserviceaccount.com","updateTime":"2022-09-05T19:28:41.935Z","versionId":"9","labels":{"deployment-tool":"cli-firebase"},"sourceUploadUrl":"https://storage.googleapis.com/uploads-732609306325.us-central1.cloudfunctions.appspot.com/f7b6021b-26ce-46e8-b589-73e279697c0b.zip?GoogleAccessId=service-58376001336@gcf-admin-robot.iam.gserviceaccount.com&Expires=1662556888&Signature=Hka7w9eoJndaam4r02kB97IAhOGyR0O6YwBxs9tE3yRRYDmqcQlXxBG%2FNY1%2Bnbq7n7NCeA%2FiUTl7a0SxImtqOvyJjpJrrYmOVwh3NmR3lh13cIv%2FBtmfoPmuRvU39n3SRBF%2B%2F8XSvHT0QnxfASp17TY2zGAvB87%2BwWfnNy9UqYoaCG9qhpNxHQKFgn5nAkWXoE1Qie3oSerSU6M%2BIKi%2FZjpK9Be%2BTju%2Fc9s4XVXxs9Y0ALcOv36JTqR4olXlauoAuGeaCCd0scWf8ABP1RxNW1tsSe0v7jL2Eu%2FDooQxSlluUA5fmY3jg%2BbUDzD0TxPd6wpLjpUD6zdquNQOOu4w6A%3D%3D","environmentVariables":{"HOST":"db.apljzpdjqcxbwsoprnep.supabase.co","PASS":"mov3YbzKmp5yuEuL","DATABASE":"postgres","DB_USERNAME":"postgres","DB_PORT":"5432","FIREBASE_CONFIG":"{\"projectId\":\"wol-sports\",\"storageBucket\":\"wol-sports.appspot.com\",\"locationId\":\"southamerica-east1\"}","GCLOUD_PROJECT":"wol-sports"},"runtime":"nodejs16","ingressSettings":"ALLOW_ALL","buildId":"5fffe675-d8e3-4335-8577-9202e9149bb2","buildName":"projects/58376001336/locations/us-central1/builds/5fffe675-d8e3-4335-8577-9202e9149bb2","dockerRegistry":"ARTIFACT_REGISTRY"},"versionId":"10","updateTime":"2022-09-07T12:51:32Z","buildId":"553ee666-b3ae-4a1b-8656-3c5f3dc4483d","buildName":"projects/58376001336/locations/us-central1/builds/553ee666-b3ae-4a1b-8656-3c5f3dc4483d"}}
[debug] [2022-09-07T12:51:46.259Z] [update-default-us-central1-app] Retrying task index 0
[debug] [2022-09-07T12:51:46.260Z] >>> [apiv2][query] GET https://cloudfunctions.googleapis.com/v1/operations/d29sLXNwb3J0cy91cy1jZW50cmFsMS9hcHAvdEtFUmFsVXJTRzg [none]
[debug] [2022-09-07T12:51:47.715Z] <<< [apiv2][status] GET https://cloudfunctions.googleapis.com/v1/operations/d29sLXNwb3J0cy91cy1jZW50cmFsMS9hcHAvdEtFUmFsVXJTRzg 200
[debug] [2022-09-07T12:51:47.715Z] <<< [apiv2][body] GET https://cloudfunctions.googleapis.com/v1/operations/d29sLXNwb3J0cy91cy1jZW50cmFsMS9hcHAvdEtFUmFsVXJTRzg {"name":"operations/d29sLXNwb3J0cy91cy1jZW50cmFsMS9hcHAvdEtFUmFsVXJTRzg","metadata":{"@type":"type.googleapis.com/google.cloud.functions.v1.OperationMetadataV1","target":"projects/wol-sports/locations/us-central1/functions/app","type":"UPDATE_FUNCTION","request":{"@type":"type.googleapis.com/google.cloud.functions.v1.CloudFunction","name":"projects/wol-sports/locations/us-central1/functions/app","httpsTrigger":{"url":"https://us-central1-wol-sports.cloudfunctions.net/app","securityLevel":"SECURE_ALWAYS"},"status":"ACTIVE","entryPoint":"app","timeout":"60s","availableMemoryMb":256,"serviceAccountEmail":"wol-sports@appspot.gserviceaccount.com","updateTime":"2022-09-05T19:28:41.935Z","versionId":"9","labels":{"deployment-tool":"cli-firebase"},"sourceUploadUrl":"https://storage.googleapis.com/uploads-732609306325.us-central1.cloudfunctions.appspot.com/f7b6021b-26ce-46e8-b589-73e279697c0b.zip?GoogleAccessId=service-58376001336@gcf-admin-robot.iam.gserviceaccount.com&Expires=1662556888&Signature=Hka7w9eoJndaam4r02kB97IAhOGyR0O6YwBxs9tE3yRRYDmqcQlXxBG%2FNY1%2Bnbq7n7NCeA%2FiUTl7a0SxImtqOvyJjpJrrYmOVwh3NmR3lh13cIv%2FBtmfoPmuRvU39n3SRBF%2B%2F8XSvHT0QnxfASp17TY2zGAvB87%2BwWfnNy9UqYoaCG9qhpNxHQKFgn5nAkWXoE1Qie3oSerSU6M%2BIKi%2FZjpK9Be%2BTju%2Fc9s4XVXxs9Y0ALcOv36JTqR4olXlauoAuGeaCCd0scWf8ABP1RxNW1tsSe0v7jL2Eu%2FDooQxSlluUA5fmY3jg%2BbUDzD0TxPd6wpLjpUD6zdquNQOOu4w6A%3D%3D","environmentVariables":{"HOST":"db.apljzpdjqcxbwsoprnep.supabase.co","PASS":"mov3YbzKmp5yuEuL","DATABASE":"postgres","DB_USERNAME":"postgres","DB_PORT":"5432","FIREBASE_CONFIG":"{\"projectId\":\"wol-sports\",\"storageBucket\":\"wol-sports.appspot.com\",\"locationId\":\"southamerica-east1\"}","GCLOUD_PROJECT":"wol-sports"},"runtime":"nodejs16","ingressSettings":"ALLOW_ALL","buildId":"5fffe675-d8e3-4335-8577-9202e9149bb2","buildName":"projects/58376001336/locations/us-central1/builds/5fffe675-d8e3-4335-8577-9202e9149bb2","dockerRegistry":"ARTIFACT_REGISTRY"},"versionId":"10","updateTime":"2022-09-07T12:51:32Z","buildId":"553ee666-b3ae-4a1b-8656-3c5f3dc4483d","buildName":"projects/58376001336/locations/us-central1/builds/553ee666-b3ae-4a1b-8656-3c5f3dc4483d"}}
[debug] [2022-09-07T12:51:55.723Z] [update-default-us-central1-app] Retrying task index 0
[debug] [2022-09-07T12:51:55.724Z] >>> [apiv2][query] GET https://cloudfunctions.googleapis.com/v1/operations/d29sLXNwb3J0cy91cy1jZW50cmFsMS9hcHAvdEtFUmFsVXJTRzg [none]
[debug] [2022-09-07T12:51:57.154Z] <<< [apiv2][status] GET https://cloudfunctions.googleapis.com/v1/operations/d29sLXNwb3J0cy91cy1jZW50cmFsMS9hcHAvdEtFUmFsVXJTRzg 200
[debug] [2022-09-07T12:51:57.154Z] <<< [apiv2][body] GET https://cloudfunctions.googleapis.com/v1/operations/d29sLXNwb3J0cy91cy1jZW50cmFsMS9hcHAvdEtFUmFsVXJTRzg {"name":"operations/d29sLXNwb3J0cy91cy1jZW50cmFsMS9hcHAvdEtFUmFsVXJTRzg","metadata":{"@type":"type.googleapis.com/google.cloud.functions.v1.OperationMetadataV1","target":"projects/wol-sports/locations/us-central1/functions/app","type":"UPDATE_FUNCTION","request":{"@type":"type.googleapis.com/google.cloud.functions.v1.CloudFunction","name":"projects/wol-sports/locations/us-central1/functions/app","httpsTrigger":{"url":"https://us-central1-wol-sports.cloudfunctions.net/app","securityLevel":"SECURE_ALWAYS"},"status":"ACTIVE","entryPoint":"app","timeout":"60s","availableMemoryMb":256,"serviceAccountEmail":"wol-sports@appspot.gserviceaccount.com","updateTime":"2022-09-05T19:28:41.935Z","versionId":"9","labels":{"deployment-tool":"cli-firebase"},"sourceUploadUrl":"https://storage.googleapis.com/uploads-732609306325.us-central1.cloudfunctions.appspot.com/f7b6021b-26ce-46e8-b589-73e279697c0b.zip?GoogleAccessId=service-58376001336@gcf-admin-robot.iam.gserviceaccount.com&Expires=1662556888&Signature=Hka7w9eoJndaam4r02kB97IAhOGyR0O6YwBxs9tE3yRRYDmqcQlXxBG%2FNY1%2Bnbq7n7NCeA%2FiUTl7a0SxImtqOvyJjpJrrYmOVwh3NmR3lh13cIv%2FBtmfoPmuRvU39n3SRBF%2B%2F8XSvHT0QnxfASp17TY2zGAvB87%2BwWfnNy9UqYoaCG9qhpNxHQKFgn5nAkWXoE1Qie3oSerSU6M%2BIKi%2FZjpK9Be%2BTju%2Fc9s4XVXxs9Y0ALcOv36JTqR4olXlauoAuGeaCCd0scWf8ABP1RxNW1tsSe0v7jL2Eu%2FDooQxSlluUA5fmY3jg%2BbUDzD0TxPd6wpLjpUD6zdquNQOOu4w6A%3D%3D","environmentVariables":{"HOST":"db.apljzpdjqcxbwsoprnep.supabase.co","PASS":"mov3YbzKmp5yuEuL","DATABASE":"postgres","DB_USERNAME":"postgres","DB_PORT":"5432","FIREBASE_CONFIG":"{\"projectId\":\"wol-sports\",\"storageBucket\":\"wol-sports.appspot.com\",\"locationId\":\"southamerica-east1\"}","GCLOUD_PROJECT":"wol-sports"},"runtime":"nodejs16","ingressSettings":"ALLOW_ALL","buildId":"5fffe675-d8e3-4335-8577-9202e9149bb2","buildName":"projects/58376001336/locations/us-central1/builds/5fffe675-d8e3-4335-8577-9202e9149bb2","dockerRegistry":"ARTIFACT_REGISTRY"},"versionId":"10","updateTime":"2022-09-07T12:51:32Z","buildId":"553ee666-b3ae-4a1b-8656-3c5f3dc4483d","buildName":"projects/58376001336/locations/us-central1/builds/553ee666-b3ae-4a1b-8656-3c5f3dc4483d"}}
[debug] [2022-09-07T12:52:07.163Z] [update-default-us-central1-app] Retrying task index 0
[debug] [2022-09-07T12:52:07.164Z] >>> [apiv2][query] GET https://cloudfunctions.googleapis.com/v1/operations/d29sLXNwb3J0cy91cy1jZW50cmFsMS9hcHAvdEtFUmFsVXJTRzg [none]
[debug] [2022-09-07T12:52:08.086Z] <<< [apiv2][status] GET https://cloudfunctions.googleapis.com/v1/operations/d29sLXNwb3J0cy91cy1jZW50cmFsMS9hcHAvdEtFUmFsVXJTRzg 200
[debug] [2022-09-07T12:52:08.087Z] <<< [apiv2][body] GET https://cloudfunctions.googleapis.com/v1/operations/d29sLXNwb3J0cy91cy1jZW50cmFsMS9hcHAvdEtFUmFsVXJTRzg {"name":"operations/d29sLXNwb3J0cy91cy1jZW50cmFsMS9hcHAvdEtFUmFsVXJTRzg","metadata":{"@type":"type.googleapis.com/google.cloud.functions.v1.OperationMetadataV1","target":"projects/wol-sports/locations/us-central1/functions/app","type":"UPDATE_FUNCTION","request":{"@type":"type.googleapis.com/google.cloud.functions.v1.CloudFunction","name":"projects/wol-sports/locations/us-central1/functions/app","httpsTrigger":{"url":"https://us-central1-wol-sports.cloudfunctions.net/app","securityLevel":"SECURE_ALWAYS"},"status":"ACTIVE","entryPoint":"app","timeout":"60s","availableMemoryMb":256,"serviceAccountEmail":"wol-sports@appspot.gserviceaccount.com","updateTime":"2022-09-05T19:28:41.935Z","versionId":"9","labels":{"deployment-tool":"cli-firebase"},"sourceUploadUrl":"https://storage.googleapis.com/uploads-732609306325.us-central1.cloudfunctions.appspot.com/f7b6021b-26ce-46e8-b589-73e279697c0b.zip?GoogleAccessId=service-58376001336@gcf-admin-robot.iam.gserviceaccount.com&Expires=1662556888&Signature=Hka7w9eoJndaam4r02kB97IAhOGyR0O6YwBxs9tE3yRRYDmqcQlXxBG%2FNY1%2Bnbq7n7NCeA%2FiUTl7a0SxImtqOvyJjpJrrYmOVwh3NmR3lh13cIv%2FBtmfoPmuRvU39n3SRBF%2B%2F8XSvHT0QnxfASp17TY2zGAvB87%2BwWfnNy9UqYoaCG9qhpNxHQKFgn5nAkWXoE1Qie3oSerSU6M%2BIKi%2FZjpK9Be%2BTju%2Fc9s4XVXxs9Y0ALcOv36JTqR4olXlauoAuGeaCCd0scWf8ABP1RxNW1tsSe0v7jL2Eu%2FDooQxSlluUA5fmY3jg%2BbUDzD0TxPd6wpLjpUD6zdquNQOOu4w6A%3D%3D","environmentVariables":{"HOST":"db.apljzpdjqcxbwsoprnep.supabase.co","PASS":"mov3YbzKmp5yuEuL","DATABASE":"postgres","DB_USERNAME":"postgres","DB_PORT":"5432","FIREBASE_CONFIG":"{\"projectId\":\"wol-sports\",\"storageBucket\":\"wol-sports.appspot.com\",\"locationId\":\"southamerica-east1\"}","GCLOUD_PROJECT":"wol-sports"},"runtime":"nodejs16","ingressSettings":"ALLOW_ALL","buildId":"5fffe675-d8e3-4335-8577-9202e9149bb2","buildName":"projects/58376001336/locations/us-central1/builds/5fffe675-d8e3-4335-8577-9202e9149bb2","dockerRegistry":"ARTIFACT_REGISTRY"},"versionId":"10","updateTime":"2022-09-07T12:51:32Z","buildId":"553ee666-b3ae-4a1b-8656-3c5f3dc4483d","buildName":"projects/58376001336/locations/us-central1/builds/553ee666-b3ae-4a1b-8656-3c5f3dc4483d"}}
